2020-05-28 22:01:02 INFO  Operation directory: /Users/sumitlal/Desktop/SDC/Gallery/SDC_DB/postgres/logs/LOAD_20200528-220102-380163
2020-05-28 22:01:18 WARN  At least 1 record does not match the provided schema.mapping or schema.query. Please check that the connector configuration and the schema configuration are correct.
2020-05-28 22:01:18 ERROR Operation LOAD_20200528-220102-380163 aborted: Too many errors, the maximum allowed is 100.
com.datastax.dsbulk.engine.internal.log.TooManyErrorsException: Too many errors, the maximum allowed is 100.
	at com.datastax.dsbulk.engine.internal.log.LogManager.maybeTriggerOnError(LogManager.java:832)
	at com.datastax.dsbulk.engine.internal.log.LogManager.lambda$newUnmappableStatementsHandler$7(LogManager.java:313)
	at java.lang.Thread.run(Thread.java:748) [25 skipped]
	Suppressed: java.lang.Exception: #block terminated with an error
		at com.datastax.dsbulk.engine.LoadWorkflow.parallelFlux(LoadWorkflow.java:259) [2 skipped]
		at com.datastax.dsbulk.engine.LoadWorkflow.execute(LoadWorkflow.java:192)
		at com.datastax.dsbulk.engine.DataStaxBulkLoader$WorkflowThread.run(DataStaxBulkLoader.java:128)
2020-05-28 22:01:20 INFO  Final stats:
2020-05-28 22:01:20 INFO  Records: total: 104, successful: 0, failed: 104
2020-05-28 22:01:20 INFO  Batches: total: 0, size: 0.00 mean, 0 min, 0 max
2020-05-28 22:01:20 INFO  Memory usage: used: 75 MB, free: 72 MB, allocated: 148 MB, available: 3,641 MB, total gc count: 4, total gc time: 42 ms
2020-05-28 22:01:20 INFO  Writes: total: 0, successful: 0, failed: 0, in-flight: 0
2020-05-28 22:01:20 INFO  Throughput: 0 writes/second
2020-05-28 22:01:20 INFO  Latencies: mean 0.00, 75p 0.00, 99p 0.00, 999p 0.00 milliseconds
2020-05-28 22:01:20 INFO  Rejected records can be found in the following file(s): mapping.bad
2020-05-28 22:01:20 INFO  Errors are detailed in the following file(s): mapping-errors.log
2020-05-28 22:01:20 INFO  Last processed positions can be found in positions.txt
